0 info it worked if it ends with ok
1 verbose cli [ '/usr/bin/node', '/usr/bin/npm', 'install', 'runjs' ]
2 info using npm@1.1.69
3 info using node@v0.8.16
4 verbose read json /home/groenlid/Documents/uranime-server/package.json
5 warn package.json application-name@0.0.1 No README.md file found!
6 verbose read json /home/groenlid/Documents/uranime-server/node_modules/sequelize/package.json
7 verbose read json /home/groenlid/Documents/uranime-server/node_modules/express/package.json
8 verbose read json /home/groenlid/Documents/uranime-server/node_modules/jade/package.json
9 verbose from cache /home/groenlid/Documents/uranime-server/package.json
10 verbose readDependencies using package.json deps
11 verbose cache add [ 'runjs', null ]
12 silly cache add name=undefined spec="runjs" args=["runjs",null]
13 verbose parsed url { pathname: 'runjs', path: 'runjs', href: 'runjs' }
14 silly lockFile adf233b1-runjs runjs
15 verbose lock runjs /home/groenlid/.npm/adf233b1-runjs.lock
16 silly lockFile adf233b1-runjs runjs
17 verbose addNamed [ 'runjs', '' ]
18 verbose addNamed [ null, '' ]
19 silly lockFile 478a477d-runjs runjs@
20 verbose lock runjs@ /home/groenlid/.npm/478a477d-runjs.lock
21 silly addNameRange { name: 'runjs', range: '', hasData: false }
22 verbose url raw runjs
23 verbose url resolving [ 'https://registry.npmjs.org/', './runjs' ]
24 verbose url resolved https://registry.npmjs.org/runjs
25 info trying registry request attempt 1 at 18:36:15
26 http GET https://registry.npmjs.org/runjs
27 http 404 https://registry.npmjs.org/runjs
28 silly registry.get cb [ 404,
28 silly registry.get   { server: 'CouchDB/1.2.0 (Erlang OTP/R15B)',
28 silly registry.get     date: 'Fri, 04 Jan 2013 17:34:07 GMT',
28 silly registry.get     'content-type': 'application/json',
28 silly registry.get     'content-length': '52',
28 silly registry.get     'cache-control': 'must-revalidate' } ]
29 silly lockFile 478a477d-runjs runjs@
30 error 404 'runjs' is not in the npm registry.
30 error 404 You should bug the author to publish it
30 error 404
30 error 404 Note that you can also install from a
30 error 404 tarball, folder, or http url, or git url.
31 error System Linux 3.6.10-1-ARCH
32 error command "/usr/bin/node" "/usr/bin/npm" "install" "runjs"
33 error cwd /home/groenlid/Documents/uranime-server
34 error node -v v0.8.16
35 error npm -v 1.1.69
36 error code E404
37 verbose exit [ 1, true ]
